C51 COMPILER V8.02   MAIN                                                                  05/20/2024 20:20:41 PAGE 1   


C51 COMPILER V8.02, COMPILATION OF MODULE MAIN
OBJECT MODULE PLACED IN main.OBJ
COMPILER INVOKED BY: C:\Keil\C51\BIN\C51.EXE main.c BROWSE DEBUG OBJECTEXTEND

line level    source

   1          #include <reg51.h>
   2          
   3          
   4          sbit e_b = P1^0;
   5          
   6          sbit s_b = P1^1;
   7          
   8          sbit w_b = P1^2;
   9          
  10          sbit n_b = P1^3;
  11          
  12          sbit e_r = P2^0;
  13          sbit e_y = P2^1;
  14          sbit e_g = P2^2;
  15          sbit s_r = P2^3;
  16          sbit s_y = P2^4;
  17          sbit s_g = P2^5;
  18          sbit w_r = P3^0;
  19          sbit w_y = P3^1;
  20          sbit w_g = P3^2;
  21          sbit n_r = P3^3;
  22          sbit n_y = P3^4;
  23          sbit n_g = P3^5;
  24          
  25          void east();
  26          void south();
  27          void west();
  28          void north();
  29          void delay(int val);
  30          void ready_east();
  31          void ready_south();
  32          void ready_west();
  33          void ready_north();
  34          void density();
  35          
  36          void main()
  37          {
  38   1      while(1)
  39   1      {
  40   2          density();
  41   2              delay(10);
  42   2      
  43   2              east();
  44   2              delay(10);
  45   2              density();
  46   2              delay(10);
  47   2      
  48   2              south();
  49   2              delay(10);
  50   2              density();
  51   2              delay(10);
  52   2      
  53   2              west();
  54   2              delay(10);
  55   2              density();
C51 COMPILER V8.02   MAIN                                                                  05/20/2024 20:20:41 PAGE 2   

  56   2              delay(10);
  57   2      
  58   2              north();
  59   2              delay(10);
  60   2      
  61   2       }
  62   1      }
  63          
  64          void density()
  65          {
  66   1              if((e_b && w_b) == 0)
  67   1              {
  68   2                  if(e_b == 0)
  69   2                  {
  70   3                      while(e_b == 0)
  71   3                      {
  72   4                          east();
  73   4                      }
  74   3                  }
  75   2                  else if(w_b == 0)
  76   2                  {
  77   3                      while(w_b == 0)
  78   3                      {
  79   4                          west();
  80   4                      }
  81   3                  }
  82   2              }
  83   1              else if((s_b && n_b) == 0)
  84   1              {
  85   2                  if(s_b == 0)
  86   2                  {
  87   3                      while(s_b == 0)
  88   3                      {
  89   4                          south();
  90   4                      }
  91   3                  }
  92   2                  else if(n_b == 0)
  93   2                  {
  94   3                      while(n_b == 0)
  95   3                      {
  96   4                          north();
  97   4                      }
  98   3                  }
  99   2              }
 100   1      
 101   1      }
 102          
 103          void east()
 104          {
 105   1          e_g = 1;
 106   1          e_r = 0;
 107   1          s_g = 0;
 108   1          s_r = 1;
 109   1          w_g = 0;
 110   1          w_r = 1;
 111   1          n_g = 0;
 112   1          n_r = 1;
 113   1          e_y = 0;
 114   1          s_y = 0;
 115   1          w_y = 0;
 116   1          n_y = 0;
 117   1          delay(1000);
C51 COMPILER V8.02   MAIN                                                                  05/20/2024 20:20:41 PAGE 3   

 118   1          e_y = 0;
 119   1          ready_east();
 120   1      }
 121          
 122          void south()
 123          {
 124   1          e_g = 0;
 125   1          e_r = 1;
 126   1          e_y = 0;
 127   1          s_g = 1;
 128   1          s_r = 0;
 129   1          s_y = 0;
 130   1          w_g = 0;
 131   1          w_r = 1;
 132   1          w_y = 0;
 133   1          n_g = 0;
 134   1          n_r = 1;
 135   1          n_y = 0;
 136   1          delay(1000);
 137   1          s_y = 0;
 138   1          ready_south();
 139   1      }
 140          
 141          void west()
 142          {
 143   1          e_g = 0;
 144   1          e_r = 1;
 145   1          s_g = 0;
 146   1          s_r = 1;
 147   1          w_g = 1;
 148   1          w_r = 0;
 149   1          n_g = 0;
 150   1          n_r = 1;
 151   1          e_y = 0;
 152   1          s_y = 0;
 153   1          w_y = 0;
 154   1          n_y = 0;
 155   1          delay(1000);
 156   1          w_y = 0;
 157   1          ready_west();
 158   1      }
 159          
 160          void north()
 161          {
 162   1          e_g = 0;
 163   1          e_r = 1;
 164   1          s_g = 0;
 165   1          s_r = 1;
 166   1          w_g = 0;
 167   1          w_r = 1;
 168   1          n_g = 1;
 169   1          n_r = 0;
 170   1          e_y = 0;
 171   1          s_y = 0;
 172   1          w_y = 0;
 173   1          n_y = 0;
 174   1          delay(1000);
 175   1          n_y = 0;
 176   1          ready_north();
 177   1      }
 178          
 179          void delay(int val)
C51 COMPILER V8.02   MAIN                                                                  05/20/2024 20:20:41 PAGE 4   

 180          {
 181   1          int i, j;
 182   1          for(i = 0; i < val; i++)
 183   1          {
 184   2              for(j = 0; j < 1000; j++);
 185   2          }
 186   1      }
 187          
 188          void ready_east()
 189          {
 190   1          int i;
 191   1          e_g = 0;
 192   1          for(i = 0; i <= 5; i++)
 193   1          {
 194   2              e_y = 1;
 195   2              delay(50);
 196   2              e_y = 0;
 197   2              delay(50);
 198   2          }
 199   1      }
 200          
 201          void ready_west()
 202          {
 203   1          int i;
 204   1          w_g = 0;
 205   1          for(i = 0; i <= 5; i++)
 206   1          {
 207   2              w_y = 1;
 208   2              delay(50);
 209   2              w_y = 0;
 210   2              delay(50);
 211   2          }
 212   1      }
 213          
 214          void ready_south()
 215          {
 216   1          int i;
 217   1          s_g = 0;
 218   1          for(i = 0; i <= 5; i++)
 219   1          {
 220   2              s_y = 1;
 221   2              delay(50);
 222   2              s_y = 0;
 223   2              delay(50);
 224   2          }
 225   1      }
 226          
 227          void ready_north()
 228          {
 229   1          int i;
 230   1          n_g = 0;
 231   1          for(i = 0; i <= 5; i++)
 232   1          {
 233   2              n_y = 1;
 234   2              delay(50);
 235   2              n_y = 0;
 236   2              delay(50);
 237   2          }
 238   1      }


MODULE INFORMATION:   STATIC OVERLAYABLE
C51 COMPILER V8.02   MAIN                                                                  05/20/2024 20:20:41 PAGE 5   

   CODE SIZE        =    431    ----
   CONSTANT SIZE    =   ----    ----
   XDATA SIZE       =   ----    ----
   PDATA SIZE       =   ----    ----
   DATA SIZE        =   ----    ----
   IDATA SIZE       =   ----    ----
   BIT SIZE         =   ----    ----
END OF MODULE INFORMATION.


C51 COMPILATION COMPLETE.  0 WARNING(S),  0 ERROR(S)
